{
  "meta": {
    "format": 3,
    "version": "7.9.1",
    "timestamp": "2025-06-30T23:37:17.771386",
    "branch_coverage": false,
    "show_contexts": false
  },
  "files": {
    "services/public-api/conftest.py": {
      "executed_lines": [
        1, 5, 6, 7, 8, 9, 11, 14, 15, 25, 26, 44, 45, 63, 64, 84, 85, 101, 102, 120,
        121, 142, 143, 160, 161, 178, 179, 195, 196, 215, 237, 259, 263, 265
      ],
      "summary": {
        "covered_lines": 33,
        "num_statements": 67,
        "percent_covered": 49.25373134328358,
        "percent_covered_display": "49",
        "missing_lines": 34,
        "excluded_lines": 0
      },
      "missing_lines": [
        20, 21, 22, 33, 52, 71, 92, 93, 94, 95, 96, 97, 98, 109, 129, 132, 139, 150,
        168, 186, 187, 188, 189, 190, 191, 192, 203, 225, 233, 234, 247, 255, 256, 278
      ],
      "excluded_lines": [],
      "functions": {
        "event_loop": {
          "executed_lines": [],
          "summary": {
            "covered_lines": 0,
            "num_statements": 3,
            "percent_covered": 0.0,
            "percent_covered_display": "0",
            "missing_lines": 3,
            "excluded_lines": 0
          },
          "missing_lines": [20, 21, 22],
          "excluded_lines": []
        },
        "mock_user": {
          "executed_lines": [],
          "summary": {
            "covered_lines": 0,
            "num_statements": 1,
            "percent_covered": 0.0,
            "percent_covered_display": "0",
            "missing_lines": 1,
            "excluded_lines": 0
          },
          "missing_lines": [33],
          "excluded_lines": []
        },
        "mock_organization": {
          "executed_lines": [],
          "summary": {
            "covered_lines": 0,
            "num_statements": 1,
            "percent_covered": 0.0,
            "percent_covered_display": "0",
            "missing_lines": 1,
            "excluded_lines": 0
          },
          "missing_lines": [52],
          "excluded_lines": []
        },
        "mock_project": {
          "executed_lines": [],
          "summary": {
            "covered_lines": 0,
            "num_statements": 1,
            "percent_covered": 0.0,
            "percent_covered_display": "0",
            "missing_lines": 1,
            "excluded_lines": 0
          },
          "missing_lines": [71],
          "excluded_lines": []
        },
        "mock_database_session": {
          "executed_lines": [],
          "summary": {
            "covered_lines": 0,
            "num_statements": 7,
            "percent_covered": 0.0,
            "percent_covered_display": "0",
            "missing_lines": 7,
            "excluded_lines": 0
          },
          "missing_lines": [92, 93, 94, 95, 96, 97, 98],
          "excluded_lines": []
        },
        "mock_jwt_payload": {
          "executed_lines": [],
          "summary": {
            "covered_lines": 0,
            "num_statements": 1,
            "percent_covered": 0.0,
            "percent_covered_display": "0",
            "missing_lines": 1,
            "excluded_lines": 0
          },
          "missing_lines": [109],
          "excluded_lines": []
        },
        "mock_api_response": {
          "executed_lines": [],
          "summary": {
            "covered_lines": 0,
            "num_statements": 2,
            "percent_covered": 0.0,
            "percent_covered_display": "0",
            "missing_lines": 2,
            "excluded_lines": 0
          },
          "missing_lines": [129, 139],
          "excluded_lines": []
        },
        "mock_api_response._create_response": {
          "executed_lines": [],
          "summary": {
            "covered_lines": 0,
            "num_statements": 1,
            "percent_covered": 0.0,
            "percent_covered_display": "0",
            "missing_lines": 1,
            "excluded_lines": 0
          },
          "missing_lines": [132],
          "excluded_lines": []
        },
        "mock_pagination": {
          "executed_lines": [],
          "summary": {
            "covered_lines": 0,
            "num_statements": 1,
            "percent_covered": 0.0,
            "percent_covered_display": "0",
            "missing_lines": 1,
            "excluded_lines": 0
          },
          "missing_lines": [150],
          "excluded_lines": []
        },
        "mock_request_context": {
          "executed_lines": [],
          "summary": {
            "covered_lines": 0,
            "num_statements": 1,
            "percent_covered": 0.0,
            "percent_covered_display": "0",
            "missing_lines": 1,
            "excluded_lines": 0
          },
          "missing_lines": [168],
          "excluded_lines": []
        },
        "mock_redis_client": {
          "executed_lines": [],
          "summary": {
            "covered_lines": 0,
            "num_statements": 7,
            "percent_covered": 0.0,
            "percent_covered_display": "0",
            "missing_lines": 7,
            "excluded_lines": 0
          },
          "missing_lines": [186, 187, 188, 189, 190, 191, 192],
          "excluded_lines": []
        },
        "sample_file_upload": {
          "executed_lines": [],
          "summary": {
            "covered_lines": 0,
            "num_statements": 1,
            "percent_covered": 0.0,
            "percent_covered_display": "0",
            "missing_lines": 1,
            "excluded_lines": 0
          },
          "missing_lines": [203],
          "excluded_lines": []
        },
        "create_test_user": {
          "executed_lines": [],
          "summary": {
            "covered_lines": 0,
            "num_statements": 3,
            "percent_covered": 0.0,
            "percent_covered_display": "0",
            "missing_lines": 3,
            "excluded_lines": 0
          },
          "missing_lines": [225, 233, 234],
          "excluded_lines": []
        },
        "create_test_organization": {
          "executed_lines": [],
          "summary": {
            "covered_lines": 0,
            "num_statements": 3,
            "percent_covered": 0.0,
            "percent_covered_display": "0",
            "missing_lines": 3,
            "excluded_lines": 0
          },
          "missing_lines": [247, 255, 256],
          "excluded_lines": []
        },
        "pytest_collection_modifyitems": {
          "executed_lines": [263, 265],
          "summary": {
            "covered_lines": 2,
            "num_statements": 3,
            "percent_covered": 66.66666666666667,
            "percent_covered_display": "67",
            "missing_lines": 1,
            "excluded_lines": 0
          },
          "missing_lines": [278],
          "excluded_lines": []
        },
        "": {
          "executed_lines": [
            1, 5, 6, 7, 8, 9, 11, 14, 15, 25, 26, 44, 45, 63, 64, 84, 85, 101, 102, 120,
            121, 142, 143, 160, 161, 178, 179, 195, 196, 215, 237, 259
          ],
          "summary": {
            "covered_lines": 31,
            "num_statements": 31,
            "percent_covered": 100.0,
            "percent_covered_display": "100",
            "missing_lines": 0,
            "excluded_lines": 0
          },
          "missing_lines": [],
          "excluded_lines": []
        }
      },
      "classes": {
        "": {
          "executed_lines": [
            1, 5, 6, 7, 8, 9, 11, 14, 15, 25, 26, 44, 45, 63, 64, 84, 85, 101, 102, 120,
            121, 142, 143, 160, 161, 178, 179, 195, 196, 215, 237, 259, 263, 265
          ],
          "summary": {
            "covered_lines": 33,
            "num_statements": 67,
            "percent_covered": 49.25373134328358,
            "percent_covered_display": "49",
            "missing_lines": 34,
            "excluded_lines": 0
          },
          "missing_lines": [
            20, 21, 22, 33, 52, 71, 92, 93, 94, 95, 96, 97, 98, 109, 129, 132, 139, 150,
            168, 186, 187, 188, 189, 190, 191, 192, 203, 225, 233, 234, 247, 255, 256,
            278
          ],
          "excluded_lines": []
        }
      }
    },
    "services/public-api/src/__init__.py": {
      "executed_lines": [1, 8],
      "summary": {
        "covered_lines": 1,
        "num_statements": 2,
        "percent_covered": 50.0,
        "percent_covered_display": "50",
        "missing_lines": 1,
        "excluded_lines": 0
      },
      "missing_lines": [10],
      "excluded_lines": [],
      "functions": {
        "": {
          "executed_lines": [1, 8],
          "summary": {
            "covered_lines": 1,
            "num_statements": 2,
            "percent_covered": 50.0,
            "percent_covered_display": "50",
            "missing_lines": 1,
            "excluded_lines": 0
          },
          "missing_lines": [10],
          "excluded_lines": []
        }
      },
      "classes": {
        "": {
          "executed_lines": [1, 8],
          "summary": {
            "covered_lines": 1,
            "num_statements": 2,
            "percent_covered": 50.0,
            "percent_covered_display": "50",
            "missing_lines": 1,
            "excluded_lines": 0
          },
          "missing_lines": [10],
          "excluded_lines": []
        }
      }
    },
    "services/public-api/src/api/__init__.py": {
      "executed_lines": [1, 8, 21],
      "summary": {
        "covered_lines": 2,
        "num_statements": 2,
        "percent_covered": 100.0,
        "percent_covered_display": "100",
        "missing_lines": 0,
        "excluded_lines": 0
      },
      "missing_lines": [],
      "excluded_lines": [],
      "functions": {
        "": {
          "executed_lines": [1, 8, 21],
          "summary": {
            "covered_lines": 2,
            "num_statements": 2,
            "percent_covered": 100.0,
            "percent_covered_display": "100",
            "missing_lines": 0,
            "excluded_lines": 0
          },
          "missing_lines": [],
          "excluded_lines": []
        }
      },
      "classes": {
        "": {
          "executed_lines": [1, 8, 21],
          "summary": {
            "covered_lines": 2,
            "num_statements": 2,
            "percent_covered": 100.0,
            "percent_covered_display": "100",
            "missing_lines": 0,
            "excluded_lines": 0
          },
          "missing_lines": [],
          "excluded_lines": []
        }
      }
    },
    "services/public-api/src/api/utils.py": {
      "executed_lines": [
        1, 5, 6, 7, 8, 9, 10, 12, 14, 17, 30, 44, 58, 75, 100, 110, 123, 141, 160, 177
      ],
      "summary": {
        "covered_lines": 19,
        "num_statements": 66,
        "percent_covered": 28.78787878787879,
        "percent_covered_display": "29",
        "missing_lines": 47,
        "excluded_lines": 0
      },
      "missing_lines": [
        27, 41, 54, 55, 69, 71, 72, 86, 87, 88, 91, 94, 95, 97, 107, 120, 133, 134, 135,
        136, 137, 138, 151, 152, 154, 155, 156, 157, 170, 171, 172, 173, 174, 190, 202,
        204, 205, 207, 208, 209, 211, 214, 217, 218, 220, 222, 223
      ],
      "excluded_lines": [],
      "functions": {
        "hash_password": {
          "executed_lines": [],
          "summary": {
            "covered_lines": 0,
            "num_statements": 1,
            "percent_covered": 0.0,
            "percent_covered_display": "0",
            "missing_lines": 1,
            "excluded_lines": 0
          },
          "missing_lines": [27],
          "excluded_lines": []
        },
        "verify_password": {
          "executed_lines": [],
          "summary": {
            "covered_lines": 0,
            "num_statements": 1,
            "percent_covered": 0.0,
            "percent_covered_display": "0",
            "missing_lines": 1,
            "excluded_lines": 0
          },
          "missing_lines": [41],
          "excluded_lines": []
        },
        "generate_secure_token": {
          "executed_lines": [],
          "summary": {
            "covered_lines": 0,
            "num_statements": 2,
            "percent_covered": 0.0,
            "percent_covered_display": "0",
            "missing_lines": 2,
            "excluded_lines": 0
          },
          "missing_lines": [54, 55],
          "excluded_lines": []
        },
        "create_slug": {
          "executed_lines": [],
          "summary": {
            "covered_lines": 0,
            "num_statements": 3,
            "percent_covered": 0.0,
            "percent_covered_display": "0",
            "missing_lines": 3,
            "excluded_lines": 0
          },
          "missing_lines": [69, 71, 72],
          "excluded_lines": []
        },
        "sanitize_filename": {
          "executed_lines": [],
          "summary": {
            "covered_lines": 0,
            "num_statements": 7,
            "percent_covered": 0.0,
            "percent_covered_display": "0",
            "missing_lines": 7,
            "excluded_lines": 0
          },
          "missing_lines": [86, 87, 88, 91, 94, 95, 97],
          "excluded_lines": []
        },
        "get_utc_now": {
          "executed_lines": [],
          "summary": {
            "covered_lines": 0,
            "num_statements": 1,
            "percent_covered": 0.0,
            "percent_covered_display": "0",
            "missing_lines": 1,
            "excluded_lines": 0
          },
          "missing_lines": [107],
          "excluded_lines": []
        },
        "format_datetime": {
          "executed_lines": [],
          "summary": {
            "covered_lines": 0,
            "num_statements": 1,
            "percent_covered": 0.0,
            "percent_covered_display": "0",
            "missing_lines": 1,
            "excluded_lines": 0
          },
          "missing_lines": [120],
          "excluded_lines": []
        },
        "parse_datetime": {
          "executed_lines": [],
          "summary": {
            "covered_lines": 0,
            "num_statements": 6,
            "percent_covered": 0.0,
            "percent_covered_display": "0",
            "missing_lines": 6,
            "excluded_lines": 0
          },
          "missing_lines": [133, 134, 135, 136, 137, 138],
          "excluded_lines": []
        },
        "validate_email": {
          "executed_lines": [],
          "summary": {
            "covered_lines": 0,
            "num_statements": 6,
            "percent_covered": 0.0,
            "percent_covered_display": "0",
            "missing_lines": 6,
            "excluded_lines": 0
          },
          "missing_lines": [151, 152, 154, 155, 156, 157],
          "excluded_lines": []
        },
        "validate_url": {
          "executed_lines": [],
          "summary": {
            "covered_lines": 0,
            "num_statements": 5,
            "percent_covered": 0.0,
            "percent_covered_display": "0",
            "missing_lines": 5,
            "excluded_lines": 0
          },
          "missing_lines": [170, 171, 172, 173, 174],
          "excluded_lines": []
        },
        "mask_sensitive_data": {
          "executed_lines": [],
          "summary": {
            "covered_lines": 0,
            "num_statements": 14,
            "percent_covered": 0.0,
            "percent_covered_display": "0",
            "missing_lines": 14,
            "excluded_lines": 0
          },
          "missing_lines": [
            190, 202, 204, 205, 207, 208, 209, 211, 214, 217, 218, 220, 222, 223
          ],
          "excluded_lines": []
        },
        "": {
          "executed_lines": [
            1, 5, 6, 7, 8, 9, 10, 12, 14, 17, 30, 44, 58, 75, 100, 110, 123, 141, 160,
            177
          ],
          "summary": {
            "covered_lines": 19,
            "num_statements": 19,
            "percent_covered": 100.0,
            "percent_covered_display": "100",
            "missing_lines": 0,
            "excluded_lines": 0
          },
          "missing_lines": [],
          "excluded_lines": []
        }
      },
      "classes": {
        "": {
          "executed_lines": [
            1, 5, 6, 7, 8, 9, 10, 12, 14, 17, 30, 44, 58, 75, 100, 110, 123, 141, 160,
            177
          ],
          "summary": {
            "covered_lines": 19,
            "num_statements": 66,
            "percent_covered": 28.78787878787879,
            "percent_covered_display": "29",
            "missing_lines": 47,
            "excluded_lines": 0
          },
          "missing_lines": [
            27, 41, 54, 55, 69, 71, 72, 86, 87, 88, 91, 94, 95, 97, 107, 120, 133, 134,
            135, 136, 137, 138, 151, 152, 154, 155, 156, 157, 170, 171, 172, 173, 174,
            190, 202, 204, 205, 207, 208, 209, 211, 214, 217, 218, 220, 222, 223
          ],
          "excluded_lines": []
        }
      }
    },
    "services/public-api/src/schemas.py": {
      "executed_lines": [1, 5, 7, 8, 9, 11, 14, 15, 19, 21, 22, 23, 24, 25, 26, 27],
      "summary": {
        "covered_lines": 14,
        "num_statements": 92,
        "percent_covered": 15.217391304347826,
        "percent_covered_display": "15",
        "missing_lines": 78,
        "excluded_lines": 0
      },
      "missing_lines": [
        30, 35, 37, 38, 39, 40, 41, 42, 45, 50, 51, 52, 53, 56, 61, 62, 63, 66, 71, 72,
        73, 76, 81, 83, 84, 85, 86, 87, 88, 89, 90, 91, 94, 99, 101, 102, 103, 104, 105,
        106, 109, 114, 115, 116, 117, 118, 119, 120, 121, 124, 129, 130, 131, 132, 133,
        134, 135, 136, 137, 140, 145, 146, 147, 148, 149, 150, 151, 152, 153, 154, 157,
        162, 163, 164, 165, 166, 167, 168
      ],
      "excluded_lines": [],
      "functions": {
        "": {
          "executed_lines": [1, 5, 7, 8, 9, 11, 14, 15, 19, 21, 22, 23, 24, 25, 26, 27],
          "summary": {
            "covered_lines": 14,
            "num_statements": 92,
            "percent_covered": 15.217391304347826,
            "percent_covered_display": "15",
            "missing_lines": 78,
            "excluded_lines": 0
          },
          "missing_lines": [
            30, 35, 37, 38, 39, 40, 41, 42, 45, 50, 51, 52, 53, 56, 61, 62, 63, 66, 71,
            72, 73, 76, 81, 83, 84, 85, 86, 87, 88, 89, 90, 91, 94, 99, 101, 102, 103,
            104, 105, 106, 109, 114, 115, 116, 117, 118, 119, 120, 121, 124, 129, 130,
            131, 132, 133, 134, 135, 136, 137, 140, 145, 146, 147, 148, 149, 150, 151,
            152, 153, 154, 157, 162, 163, 164, 165, 166, 167, 168
          ],
          "excluded_lines": []
        }
      },
      "classes": {
        "User": {
          "executed_lines": [],
          "summary": {
            "covered_lines": 0,
            "num_statements": 0,
            "percent_covered": 100.0,
            "percent_covered_display": "100",
            "missing_lines": 0,
            "excluded_lines": 0
          },
          "missing_lines": [],
          "excluded_lines": []
        },
        "Organization": {
          "executed_lines": [],
          "summary": {
            "covered_lines": 0,
            "num_statements": 0,
            "percent_covered": 100.0,
            "percent_covered_display": "100",
            "missing_lines": 0,
            "excluded_lines": 0
          },
          "missing_lines": [],
          "excluded_lines": []
        },
        "Role": {
          "executed_lines": [],
          "summary": {
            "covered_lines": 0,
            "num_statements": 0,
            "percent_covered": 100.0,
            "percent_covered_display": "100",
            "missing_lines": 0,
            "excluded_lines": 0
          },
          "missing_lines": [],
          "excluded_lines": []
        },
        "ProjectStatus": {
          "executed_lines": [],
          "summary": {
            "covered_lines": 0,
            "num_statements": 0,
            "percent_covered": 100.0,
            "percent_covered_display": "100",
            "missing_lines": 0,
            "excluded_lines": 0
          },
          "missing_lines": [],
          "excluded_lines": []
        },
        "InvitationStatus": {
          "executed_lines": [],
          "summary": {
            "covered_lines": 0,
            "num_statements": 0,
            "percent_covered": 100.0,
            "percent_covered_display": "100",
            "missing_lines": 0,
            "excluded_lines": 0
          },
          "missing_lines": [],
          "excluded_lines": []
        },
        "Project": {
          "executed_lines": [],
          "summary": {
            "covered_lines": 0,
            "num_statements": 0,
            "percent_covered": 100.0,
            "percent_covered_display": "100",
            "missing_lines": 0,
            "excluded_lines": 0
          },
          "missing_lines": [],
          "excluded_lines": []
        },
        "OrganizationMember": {
          "executed_lines": [],
          "summary": {
            "covered_lines": 0,
            "num_statements": 0,
            "percent_covered": 100.0,
            "percent_covered_display": "100",
            "missing_lines": 0,
            "excluded_lines": 0
          },
          "missing_lines": [],
          "excluded_lines": []
        },
        "UserSession": {
          "executed_lines": [],
          "summary": {
            "covered_lines": 0,
            "num_statements": 0,
            "percent_covered": 100.0,
            "percent_covered_display": "100",
            "missing_lines": 0,
            "excluded_lines": 0
          },
          "missing_lines": [],
          "excluded_lines": []
        },
        "OrganizationInvitation": {
          "executed_lines": [],
          "summary": {
            "covered_lines": 0,
            "num_statements": 0,
            "percent_covered": 100.0,
            "percent_covered_display": "100",
            "missing_lines": 0,
            "excluded_lines": 0
          },
          "missing_lines": [],
          "excluded_lines": []
        },
        "AuditLog": {
          "executed_lines": [],
          "summary": {
            "covered_lines": 0,
            "num_statements": 0,
            "percent_covered": 100.0,
            "percent_covered_display": "100",
            "missing_lines": 0,
            "excluded_lines": 0
          },
          "missing_lines": [],
          "excluded_lines": []
        },
        "JWTPayload": {
          "executed_lines": [],
          "summary": {
            "covered_lines": 0,
            "num_statements": 0,
            "percent_covered": 100.0,
            "percent_covered_display": "100",
            "missing_lines": 0,
            "excluded_lines": 0
          },
          "missing_lines": [],
          "excluded_lines": []
        },
        "": {
          "executed_lines": [1, 5, 7, 8, 9, 11, 14, 15, 19, 21, 22, 23, 24, 25, 26, 27],
          "summary": {
            "covered_lines": 14,
            "num_statements": 92,
            "percent_covered": 15.217391304347826,
            "percent_covered_display": "15",
            "missing_lines": 78,
            "excluded_lines": 0
          },
          "missing_lines": [
            30, 35, 37, 38, 39, 40, 41, 42, 45, 50, 51, 52, 53, 56, 61, 62, 63, 66, 71,
            72, 73, 76, 81, 83, 84, 85, 86, 87, 88, 89, 90, 91, 94, 99, 101, 102, 103,
            104, 105, 106, 109, 114, 115, 116, 117, 118, 119, 120, 121, 124, 129, 130,
            131, 132, 133, 134, 135, 136, 137, 140, 145, 146, 147, 148, 149, 150, 151,
            152, 153, 154, 157, 162, 163, 164, 165, 166, 167, 168
          ],
          "excluded_lines": []
        }
      }
    },
    "services/public-api/tests/integration/__init__.py": {
      "executed_lines": [1],
      "summary": {
        "covered_lines": 0,
        "num_statements": 0,
        "percent_covered": 100.0,
        "percent_covered_display": "100",
        "missing_lines": 0,
        "excluded_lines": 0
      },
      "missing_lines": [],
      "excluded_lines": [],
      "functions": {
        "": {
          "executed_lines": [1],
          "summary": {
            "covered_lines": 0,
            "num_statements": 0,
            "percent_covered": 100.0,
            "percent_covered_display": "100",
            "missing_lines": 0,
            "excluded_lines": 0
          },
          "missing_lines": [],
          "excluded_lines": []
        }
      },
      "classes": {
        "": {
          "executed_lines": [1],
          "summary": {
            "covered_lines": 0,
            "num_statements": 0,
            "percent_covered": 100.0,
            "percent_covered_display": "100",
            "missing_lines": 0,
            "excluded_lines": 0
          },
          "missing_lines": [],
          "excluded_lines": []
        }
      }
    },
    "services/public-api/tests/integration/conftest.py": {
      "executed_lines": [1, 5, 7, 8, 9, 12, 13, 17, 19, 20, 21, 23, 26, 27, 31, 32, 33],
      "summary": {
        "covered_lines": 16,
        "num_statements": 16,
        "percent_covered": 100.0,
        "percent_covered_display": "100",
        "missing_lines": 0,
        "excluded_lines": 0
      },
      "missing_lines": [],
      "excluded_lines": [],
      "functions": {
        "app": {
          "executed_lines": [17, 19, 20, 23],
          "summary": {
            "covered_lines": 4,
            "num_statements": 4,
            "percent_covered": 100.0,
            "percent_covered_display": "100",
            "missing_lines": 0,
            "excluded_lines": 0
          },
          "missing_lines": [],
          "excluded_lines": []
        },
        "app.health_check": {
          "executed_lines": [21],
          "summary": {
            "covered_lines": 1,
            "num_statements": 1,
            "percent_covered": 100.0,
            "percent_covered_display": "100",
            "missing_lines": 0,
            "excluded_lines": 0
          },
          "missing_lines": [],
          "excluded_lines": []
        },
        "client": {
          "executed_lines": [31, 32, 33],
          "summary": {
            "covered_lines": 3,
            "num_statements": 3,
            "percent_covered": 100.0,
            "percent_covered_display": "100",
            "missing_lines": 0,
            "excluded_lines": 0
          },
          "missing_lines": [],
          "excluded_lines": []
        },
        "": {
          "executed_lines": [1, 5, 7, 8, 9, 12, 13, 26, 27],
          "summary": {
            "covered_lines": 8,
            "num_statements": 8,
            "percent_covered": 100.0,
            "percent_covered_display": "100",
            "missing_lines": 0,
            "excluded_lines": 0
          },
          "missing_lines": [],
          "excluded_lines": []
        }
      },
      "classes": {
        "": {
          "executed_lines": [
            1, 5, 7, 8, 9, 12, 13, 17, 19, 20, 21, 23, 26, 27, 31, 32, 33
          ],
          "summary": {
            "covered_lines": 16,
            "num_statements": 16,
            "percent_covered": 100.0,
            "percent_covered_display": "100",
            "missing_lines": 0,
            "excluded_lines": 0
          },
          "missing_lines": [],
          "excluded_lines": []
        }
      }
    },
    "services/public-api/tests/integration/test_smoke.py": {
      "executed_lines": [1, 5, 6, 9, 10, 14, 15, 16],
      "summary": {
        "covered_lines": 7,
        "num_statements": 7,
        "percent_covered": 100.0,
        "percent_covered_display": "100",
        "missing_lines": 0,
        "excluded_lines": 0
      },
      "missing_lines": [],
      "excluded_lines": [],
      "functions": {
        "test_health_check": {
          "executed_lines": [14, 15, 16],
          "summary": {
            "covered_lines": 3,
            "num_statements": 3,
            "percent_covered": 100.0,
            "percent_covered_display": "100",
            "missing_lines": 0,
            "excluded_lines": 0
          },
          "missing_lines": [],
          "excluded_lines": []
        },
        "": {
          "executed_lines": [1, 5, 6, 9, 10],
          "summary": {
            "covered_lines": 4,
            "num_statements": 4,
            "percent_covered": 100.0,
            "percent_covered_display": "100",
            "missing_lines": 0,
            "excluded_lines": 0
          },
          "missing_lines": [],
          "excluded_lines": []
        }
      },
      "classes": {
        "": {
          "executed_lines": [1, 5, 6, 9, 10, 14, 15, 16],
          "summary": {
            "covered_lines": 7,
            "num_statements": 7,
            "percent_covered": 100.0,
            "percent_covered_display": "100",
            "missing_lines": 0,
            "excluded_lines": 0
          },
          "missing_lines": [],
          "excluded_lines": []
        }
      }
    },
    "services/public-api/tests/test_utils.py": {
      "executed_lines": [1, 5, 7, 11, 12, 25, 27],
      "summary": {
        "covered_lines": 6,
        "num_statements": 123,
        "percent_covered": 4.878048780487805,
        "percent_covered_display": "5",
        "missing_lines": 117,
        "excluded_lines": 0
      },
      "missing_lines": [
        30, 33, 35, 36, 37, 39, 41, 42, 44, 45, 47, 49, 50, 52, 54, 55, 58, 61, 64, 66,
        74, 75, 77, 79, 91, 92, 95, 98, 100, 101, 103, 105, 106, 108, 110, 111, 113,
        115, 116, 117, 120, 123, 125, 133, 134, 136, 138, 146, 147, 149, 151, 152, 155,
        158, 160, 161, 162, 164, 166, 167, 169, 171, 177, 178, 179, 181, 183, 190, 191,
        192, 195, 198, 200, 207, 208, 210, 212, 220, 221, 224, 227, 229, 236, 238, 239,
        240, 241, 243, 245, 251, 253, 254, 255, 259, 261, 263, 265, 266, 269, 272, 274,
        275, 277, 278, 280, 282, 283, 285, 289, 290, 292, 294, 295, 296, 299, 300, 301
      ],
      "excluded_lines": [],
      "functions": {
        "TestSecureTokenGeneration.test_default_length": {
          "executed_lines": [],
          "summary": {
            "covered_lines": 0,
            "num_statements": 3,
            "percent_covered": 0.0,
            "percent_covered_display": "0",
            "missing_lines": 3,
            "excluded_lines": 0
          },
          "missing_lines": [35, 36, 37],
          "excluded_lines": []
        },
        "TestSecureTokenGeneration.test_custom_length": {
          "executed_lines": [],
          "summary": {
            "covered_lines": 0,
            "num_statements": 4,
            "percent_covered": 0.0,
            "percent_covered_display": "0",
            "missing_lines": 4,
            "excluded_lines": 0
          },
          "missing_lines": [41, 42, 44, 45],
          "excluded_lines": []
        },
        "TestSecureTokenGeneration.test_token_uniqueness": {
          "executed_lines": [],
          "summary": {
            "covered_lines": 0,
            "num_statements": 2,
            "percent_covered": 0.0,
            "percent_covered_display": "0",
            "missing_lines": 2,
            "excluded_lines": 0
          },
          "missing_lines": [49, 50],
          "excluded_lines": []
        },
        "TestSecureTokenGeneration.test_token_characters": {
          "executed_lines": [],
          "summary": {
            "covered_lines": 0,
            "num_statements": 3,
            "percent_covered": 0.0,
            "percent_covered_display": "0",
            "missing_lines": 3,
            "excluded_lines": 0
          },
          "missing_lines": [54, 55, 58],
          "excluded_lines": []
        },
        "TestEmailValidation.test_valid_emails": {
          "executed_lines": [],
          "summary": {
            "covered_lines": 0,
            "num_statements": 3,
            "percent_covered": 0.0,
            "percent_covered_display": "0",
            "missing_lines": 3,
            "excluded_lines": 0
          },
          "missing_lines": [66, 74, 75],
          "excluded_lines": []
        },
        "TestEmailValidation.test_invalid_emails": {
          "executed_lines": [],
          "summary": {
            "covered_lines": 0,
            "num_statements": 3,
            "percent_covered": 0.0,
            "percent_covered_display": "0",
            "missing_lines": 3,
            "excluded_lines": 0
          },
          "missing_lines": [79, 91, 92],
          "excluded_lines": []
        },
        "TestSlugCreation.test_basic_slug_creation": {
          "executed_lines": [],
          "summary": {
            "covered_lines": 0,
            "num_statements": 2,
            "percent_covered": 0.0,
            "percent_covered_display": "0",
            "missing_lines": 2,
            "excluded_lines": 0
          },
          "missing_lines": [100, 101],
          "excluded_lines": []
        },
        "TestSlugCreation.test_special_characters": {
          "executed_lines": [],
          "summary": {
            "covered_lines": 0,
            "num_statements": 2,
            "percent_covered": 0.0,
            "percent_covered_display": "0",
            "missing_lines": 2,
            "excluded_lines": 0
          },
          "missing_lines": [105, 106],
          "excluded_lines": []
        },
        "TestSlugCreation.test_multiple_spaces": {
          "executed_lines": [],
          "summary": {
            "covered_lines": 0,
            "num_statements": 2,
            "percent_covered": 0.0,
            "percent_covered_display": "0",
            "missing_lines": 2,
            "excluded_lines": 0
          },
          "missing_lines": [110, 111],
          "excluded_lines": []
        },
        "TestSlugCreation.test_edge_cases": {
          "executed_lines": [],
          "summary": {
            "covered_lines": 0,
            "num_statements": 3,
            "percent_covered": 0.0,
            "percent_covered_display": "0",
            "missing_lines": 3,
            "excluded_lines": 0
          },
          "missing_lines": [115, 116, 117],
          "excluded_lines": []
        },
        "TestFilenameSanitization.test_safe_filenames": {
          "executed_lines": [],
          "summary": {
            "covered_lines": 0,
            "num_statements": 3,
            "percent_covered": 0.0,
            "percent_covered_display": "0",
            "missing_lines": 3,
            "excluded_lines": 0
          },
          "missing_lines": [125, 133, 134],
          "excluded_lines": []
        },
        "TestFilenameSanitization.test_dangerous_filenames": {
          "executed_lines": [],
          "summary": {
            "covered_lines": 0,
            "num_statements": 3,
            "percent_covered": 0.0,
            "percent_covered_display": "0",
            "missing_lines": 3,
            "excluded_lines": 0
          },
          "missing_lines": [138, 146, 147],
          "excluded_lines": []
        },
        "TestFilenameSanitization.test_empty_filename": {
          "executed_lines": [],
          "summary": {
            "covered_lines": 0,
            "num_statements": 2,
            "percent_covered": 0.0,
            "percent_covered_display": "0",
            "missing_lines": 2,
            "excluded_lines": 0
          },
          "missing_lines": [151, 152],
          "excluded_lines": []
        },
        "TestDatetimeHandling.test_get_utc_now": {
          "executed_lines": [],
          "summary": {
            "covered_lines": 0,
            "num_statements": 3,
            "percent_covered": 0.0,
            "percent_covered_display": "0",
            "missing_lines": 3,
            "excluded_lines": 0
          },
          "missing_lines": [160, 161, 162],
          "excluded_lines": []
        },
        "TestDatetimeHandling.test_format_datetime": {
          "executed_lines": [],
          "summary": {
            "covered_lines": 0,
            "num_statements": 2,
            "percent_covered": 0.0,
            "percent_covered_display": "0",
            "missing_lines": 2,
            "excluded_lines": 0
          },
          "missing_lines": [166, 167],
          "excluded_lines": []
        },
        "TestDatetimeHandling.test_parse_datetime_valid": {
          "executed_lines": [],
          "summary": {
            "covered_lines": 0,
            "num_statements": 4,
            "percent_covered": 0.0,
            "percent_covered_display": "0",
            "missing_lines": 4,
            "excluded_lines": 0
          },
          "missing_lines": [171, 177, 178, 179],
          "excluded_lines": []
        },
        "TestDatetimeHandling.test_parse_datetime_invalid": {
          "executed_lines": [],
          "summary": {
            "covered_lines": 0,
            "num_statements": 4,
            "percent_covered": 0.0,
            "percent_covered_display": "0",
            "missing_lines": 4,
            "excluded_lines": 0
          },
          "missing_lines": [183, 190, 191, 192],
          "excluded_lines": []
        },
        "TestUrlValidation.test_valid_urls": {
          "executed_lines": [],
          "summary": {
            "covered_lines": 0,
            "num_statements": 3,
            "percent_covered": 0.0,
            "percent_covered_display": "0",
            "missing_lines": 3,
            "excluded_lines": 0
          },
          "missing_lines": [200, 207, 208],
          "excluded_lines": []
        },
        "TestUrlValidation.test_invalid_urls": {
          "executed_lines": [],
          "summary": {
            "covered_lines": 0,
            "num_statements": 3,
            "percent_covered": 0.0,
            "percent_covered_display": "0",
            "missing_lines": 3,
            "excluded_lines": 0
          },
          "missing_lines": [212, 220, 221],
          "excluded_lines": []
        },
        "TestSensitiveDataMasking.test_default_sensitive_keys": {
          "executed_lines": [],
          "summary": {
            "covered_lines": 0,
            "num_statements": 6,
            "percent_covered": 0.0,
            "percent_covered_display": "0",
            "missing_lines": 6,
            "excluded_lines": 0
          },
          "missing_lines": [229, 236, 238, 239, 240, 241],
          "excluded_lines": []
        },
        "TestSensitiveDataMasking.test_custom_sensitive_keys": {
          "executed_lines": [],
          "summary": {
            "covered_lines": 0,
            "num_statements": 5,
            "percent_covered": 0.0,
            "percent_covered_display": "0",
            "missing_lines": 5,
            "excluded_lines": 0
          },
          "missing_lines": [245, 251, 253, 254, 255],
          "excluded_lines": []
        },
        "TestSensitiveDataMasking.test_short_sensitive_values": {
          "executed_lines": [],
          "summary": {
            "covered_lines": 0,
            "num_statements": 4,
            "percent_covered": 0.0,
            "percent_covered_display": "0",
            "missing_lines": 4,
            "excluded_lines": 0
          },
          "missing_lines": [261, 263, 265, 266],
          "excluded_lines": []
        },
        "TestPasswordHashing.test_hash_and_verify_password": {
          "executed_lines": [],
          "summary": {
            "covered_lines": 0,
            "num_statements": 4,
            "percent_covered": 0.0,
            "percent_covered_display": "0",
            "missing_lines": 4,
            "excluded_lines": 0
          },
          "missing_lines": [274, 275, 277, 278],
          "excluded_lines": []
        },
        "TestPasswordHashing.test_verify_incorrect_password": {
          "executed_lines": [],
          "summary": {
            "covered_lines": 0,
            "num_statements": 3,
            "percent_covered": 0.0,
            "percent_covered_display": "0",
            "missing_lines": 3,
            "excluded_lines": 0
          },
          "missing_lines": [282, 283, 285],
          "excluded_lines": []
        },
        "test_token_generation_performance": {
          "executed_lines": [],
          "summary": {
            "covered_lines": 0,
            "num_statements": 7,
            "percent_covered": 0.0,
            "percent_covered_display": "0",
            "missing_lines": 7,
            "excluded_lines": 0
          },
          "missing_lines": [292, 294, 295, 296, 299, 300, 301],
          "excluded_lines": []
        },
        "": {
          "executed_lines": [1, 5, 7, 11, 12, 25, 27],
          "summary": {
            "covered_lines": 6,
            "num_statements": 40,
            "percent_covered": 15.0,
            "percent_covered_display": "15",
            "missing_lines": 34,
            "excluded_lines": 0
          },
          "missing_lines": [
            30, 33, 39, 47, 52, 61, 64, 77, 95, 98, 103, 108, 113, 120, 123, 136, 149,
            155, 158, 164, 169, 181, 195, 198, 210, 224, 227, 243, 259, 269, 272, 280,
            289, 290
          ],
          "excluded_lines": []
        }
      },
      "classes": {
        "TestSecureTokenGeneration": {
          "executed_lines": [],
          "summary": {
            "covered_lines": 0,
            "num_statements": 12,
            "percent_covered": 0.0,
            "percent_covered_display": "0",
            "missing_lines": 12,
            "excluded_lines": 0
          },
          "missing_lines": [35, 36, 37, 41, 42, 44, 45, 49, 50, 54, 55, 58],
          "excluded_lines": []
        },
        "TestEmailValidation": {
          "executed_lines": [],
          "summary": {
            "covered_lines": 0,
            "num_statements": 6,
            "percent_covered": 0.0,
            "percent_covered_display": "0",
            "missing_lines": 6,
            "excluded_lines": 0
          },
          "missing_lines": [66, 74, 75, 79, 91, 92],
          "excluded_lines": []
        },
        "TestSlugCreation": {
          "executed_lines": [],
          "summary": {
            "covered_lines": 0,
            "num_statements": 9,
            "percent_covered": 0.0,
            "percent_covered_display": "0",
            "missing_lines": 9,
            "excluded_lines": 0
          },
          "missing_lines": [100, 101, 105, 106, 110, 111, 115, 116, 117],
          "excluded_lines": []
        },
        "TestFilenameSanitization": {
          "executed_lines": [],
          "summary": {
            "covered_lines": 0,
            "num_statements": 8,
            "percent_covered": 0.0,
            "percent_covered_display": "0",
            "missing_lines": 8,
            "excluded_lines": 0
          },
          "missing_lines": [125, 133, 134, 138, 146, 147, 151, 152],
          "excluded_lines": []
        },
        "TestDatetimeHandling": {
          "executed_lines": [],
          "summary": {
            "covered_lines": 0,
            "num_statements": 13,
            "percent_covered": 0.0,
            "percent_covered_display": "0",
            "missing_lines": 13,
            "excluded_lines": 0
          },
          "missing_lines": [
            160, 161, 162, 166, 167, 171, 177, 178, 179, 183, 190, 191, 192
          ],
          "excluded_lines": []
        },
        "TestUrlValidation": {
          "executed_lines": [],
          "summary": {
            "covered_lines": 0,
            "num_statements": 6,
            "percent_covered": 0.0,
            "percent_covered_display": "0",
            "missing_lines": 6,
            "excluded_lines": 0
          },
          "missing_lines": [200, 207, 208, 212, 220, 221],
          "excluded_lines": []
        },
        "TestSensitiveDataMasking": {
          "executed_lines": [],
          "summary": {
            "covered_lines": 0,
            "num_statements": 15,
            "percent_covered": 0.0,
            "percent_covered_display": "0",
            "missing_lines": 15,
            "excluded_lines": 0
          },
          "missing_lines": [
            229, 236, 238, 239, 240, 241, 245, 251, 253, 254, 255, 261, 263, 265, 266
          ],
          "excluded_lines": []
        },
        "TestPasswordHashing": {
          "executed_lines": [],
          "summary": {
            "covered_lines": 0,
            "num_statements": 7,
            "percent_covered": 0.0,
            "percent_covered_display": "0",
            "missing_lines": 7,
            "excluded_lines": 0
          },
          "missing_lines": [274, 275, 277, 278, 282, 283, 285],
          "excluded_lines": []
        },
        "": {
          "executed_lines": [1, 5, 7, 11, 12, 25, 27],
          "summary": {
            "covered_lines": 6,
            "num_statements": 47,
            "percent_covered": 12.76595744680851,
            "percent_covered_display": "13",
            "missing_lines": 41,
            "excluded_lines": 0
          },
          "missing_lines": [
            30, 33, 39, 47, 52, 61, 64, 77, 95, 98, 103, 108, 113, 120, 123, 136, 149,
            155, 158, 164, 169, 181, 195, 198, 210, 224, 227, 243, 259, 269, 272, 280,
            289, 290, 292, 294, 295, 296, 299, 300, 301
          ],
          "excluded_lines": []
        }
      }
    }
  },
  "totals": {
    "covered_lines": 98,
    "num_statements": 375,
    "percent_covered": 26.133333333333333,
    "percent_covered_display": "26",
    "missing_lines": 277,
    "excluded_lines": 0
  }
}
